<?xml version="1.0" encoding="utf-8"?><testsuites name="pytest tests"><testsuite name="pytest" errors="0" failures="0" skipped="0" tests="13" time="62.423" timestamp="2026-09-15T22:52:17.683609-04:00" hostname="torch-login-a-1.hpc-infra.svc.cluster.local"><testcase classname="tests.test_fullstack_recovery" name="test_failed_candidate_restores_measured_baseline_and_continues" time="13.871" /><testcase classname="tests.test_fullstack_recovery" name="test_last_failed_candidate_does_not_erase_existing_pareto" time="8.966" /><testcase classname="tests.test_fullstack_recovery" name="test_unchanged_verified_module_is_copied_but_reverified" time="10.437" /><testcase classname="tests.test_fullstack_recovery" name="test_uarch_intervention_without_targets_is_not_silently_cached" time="10.705" /><testcase classname="tests.test_fullstack_recovery" name="test_changed_module_contract_invalidates_reuse" time="12.198" /><testcase classname="tests.test_fullstack_recovery" name="test_selection_validation_and_margin_are_enforced_without_test_data" time="2.361" /><testcase classname="tests.test_fullstack_recovery" name="test_reference_corruption_is_not_recovered_as_candidate_failure" time="2.410" /><testcase classname="tests.test_fullstack_recovery" name="test_invalid_recovery_configuration_rejected[kwargs0]" time="0.026" /><testcase classname="tests.test_fullstack_recovery" name="test_invalid_recovery_configuration_rejected[kwargs1]" time="0.017" /><testcase classname="tests.test_fullstack_recovery" name="test_invalid_recovery_configuration_rejected[kwargs2]" time="0.020" /><testcase classname="tests.test_fullstack_recovery" name="test_invalid_recovery_configuration_rejected[kwargs3]" time="0.023" /><testcase classname="tests.test_rq1_reports" name="test_report_excludes_timing_failures_from_improvement" time="0.245" /><testcase classname="tests.test_rq1_reports" name="test_empty_report_has_no_invented_measurements" time="0.130" /></testsuite></testsuites>