<?xml version="1.0" encoding="utf-8"?><testsuites name="pytest tests"><testsuite name="pytest" errors="0" failures="0" skipped="0" tests="21" time="1.725" timestamp="2026-09-15T23:27:56.464499-04:00" hostname="torch-login-a-1.hpc-infra.svc.cluster.local"><testcase classname="tests.test_fullstack_behavior" name="test_packed_dot_product_and_sparse_reduction_regressions" time="0.023" /><testcase classname="tests.test_fullstack_behavior" name="test_expression_language_rejects_host_execution_and_unbounded_work[__import__('os')]" time="0.022" /><testcase classname="tests.test_fullstack_behavior" name="test_expression_language_rejects_host_execution_and_unbounded_work[a.__class__]" time="0.024" /><testcase classname="tests.test_fullstack_behavior" name="test_expression_language_rejects_host_execution_and_unbounded_work[[x for x in a]]" time="0.023" /><testcase classname="tests.test_fullstack_behavior" name="test_expression_language_rejects_host_execution_and_unbounded_work[2**100]" time="0.020" /><testcase classname="tests.test_fullstack_behavior" name="test_expression_language_rejects_host_execution_and_unbounded_work[1 &lt;&lt; 100000000]" time="0.021" /><testcase classname="tests.test_fullstack_behavior" name="test_expression_language_rejects_host_execution_and_unbounded_work[open(1)]" time="0.021" /><testcase classname="tests.test_fullstack_behavior" name="test_expression_language_rejects_host_execution_and_unbounded_work[(lambda:1)()]" time="0.021" /><testcase classname="tests.test_fullstack_behavior" name="test_pipeline_valid_delay_bubbles_and_reset_are_computed" time="0.021" /><testcase classname="tests.test_fullstack_behavior" name="test_generated_tests_cannot_be_overridden_and_round_trip" time="0.027" /><testcase classname="tests.test_fullstack_behavior" name="test_combinational_vectors_use_bounded_pack_and_computed_outputs" time="0.023" /><testcase classname="tests.test_fullstack_behavior" name="test_signed_reference_helpers_encode_without_truncating_invalid_lanes" time="0.022" /><testcase classname="tests.test_fullstack_behavior" name="test_signed_division_truncates_toward_zero[-1000-10--100]" time="0.023" /><testcase classname="tests.test_fullstack_behavior" name="test_signed_division_truncates_toward_zero[-7-3--2]" time="0.021" /><testcase classname="tests.test_fullstack_behavior" name="test_signed_division_truncates_toward_zero[7--3--2]" time="0.020" /><testcase classname="tests.test_fullstack_behavior" name="test_signed_division_truncates_toward_zero[-7--3-2]" time="0.020" /><testcase classname="tests.test_fullstack_behavior" name="test_signed_division_truncates_toward_zero[99-0-0]" time="0.022" /><testcase classname="tests.test_fullstack_behavior" name="test_simulator_counterexample_decodes_wide_packed_lanes" time="0.023" /><testcase classname="tests.test_fullstack_behavior" name="test_versioned_lane_corners_catch_signed_dot_product_overflow_without_changing_archives" time="0.031" /><testcase classname="tests.test_fullstack_behavior" name="test_failure_timing_distinguishes_step_index_from_capture_latency" time="0.021" /><testcase classname="tests.test_fullstack_behavior" name="test_failure_timing_tracks_every_capture_when_valid_spans_multiple_edges" time="0.023" /></testsuite></testsuites>